<?xml version="1.0" encoding="UTF-8"?>
<testsuite xmlns:xsi="http://www.w3.org/2001/XMLSchema-instance" xsi:noNamespaceSchemaLocation="https://maven.apache.org/surefire/maven-surefire-plugin/xsd/surefire-test-report.xsd" version="3.0.2" name="com.grid.inventorymanager.InventoryManagerSpringApplicationTests" time="0.008" tests="3" errors="0" skipped="3" failures="0">
  <properties/>
  <testcase name="testGetAsset" classname="com.grid.inventorymanager.InventoryManagerSpringApplicationTests" time="0.0">
    <skipped message="need to update"/>
  </testcase>
  <testcase name="testCreateAsset" classname="com.grid.inventorymanager.InventoryManagerSpringApplicationTests" time="0.0">
    <skipped message="need to update"/>
  </testcase>
  <testcase name="contextLoads" classname="com.grid.inventorymanager.InventoryManagerSpringApplicationTests" time="0.0">
    <skipped message="need to update"/>
  </testcase>
</testsuite>